<?xml version="1.0" encoding="UTF-8"?>
<!-- Generated by org.testng.reporters.JUnitXMLReporter -->
<testsuite ignored="2" hostname="LAPTOP-T7SHFG38" failures="0" tests="1" name="Default test" time="5.05" errors="0" timestamp="2024-06-25T14:12:42 IST">
  <testcase classname="com.qa.saucedemo.TestCases.SauceDemo" name="Logout" time="0.491"/>
  <testcase classname="com.qa.saucedemo.TestCases.SauceDemo" name="LoginForHomeSection" time="0.0">
    <ignored/>
  </testcase> <!-- LoginForHomeSection -->
  <testcase classname="com.qa.saucedemo.TestCases.SauceDemo" name="adding" time="0.0">
    <ignored/>
  </testcase> <!-- adding -->
</testsuite> <!-- Default test -->
