<?xml version="1.0" encoding="UTF-8"?>
<testng-results ignored="0" total="1" passed="1" failed="0" skipped="0">
  <reporter-output>
  </reporter-output>
  <suite started-at="2024-06-25T14:12:37 IST" name="Default suite" finished-at="2024-06-25T14:12:42 IST" duration-ms="5050">
    <groups>
    </groups>
    <test started-at="2024-06-25T14:12:37 IST" name="Default test" finished-at="2024-06-25T14:12:42 IST" duration-ms="5050">
      <class name="com.qa.saucedemo.TestCases.SauceDemo">
        <test-method is-config="true" signature="setUp()[pri:0, instance:com.qa.saucedemo.TestCases.SauceDemo@35841320]" started-at="2024-06-25T14:12:37 IST" name="setUp" finished-at="2024-06-25T14:12:42 IST" duration-ms="4403" status="PASS">
          <reporter-output>
          </reporter-output>
        </test-method> <!-- setUp -->
        <test-method signature="Logout()[pri:0, instance:com.qa.saucedemo.TestCases.SauceDemo@35841320]" started-at="2024-06-25T14:12:42 IST" name="Logout" finished-at="2024-06-25T14:12:42 IST" duration-ms="491" status="PASS">
          <reporter-output>
          </reporter-output>
        </test-method> <!-- Logout -->
        <test-method is-config="true" signature="Screen(org.testng.ITestResult)[pri:0, instance:com.qa.saucedemo.TestCases.SauceDemo@35841320]" started-at="2024-06-25T14:12:42 IST" name="Screen" finished-at="2024-06-25T14:12:42 IST" duration-ms="116" status="PASS">
          <params>
            <param index="0">
              <value>
                <![CDATA[[TestResult name=Logout status=SUCCESS method=SauceDemo.Logout()[pri:0, instance:com.qa.saucedemo.TestCases.SauceDemo@35841320] output={null}]]]>
              </value>
            </param>
          </params>
          <reporter-output>
          </reporter-output>
        </test-method> <!-- Screen -->
      </class> <!-- com.qa.saucedemo.TestCases.SauceDemo -->
    </test> <!-- Default test -->
  </suite> <!-- Default suite -->
</testng-results>
